<?xml version="1.0" encoding="UTF-8"?>
<!-- Generated by org.testng.reporters.JUnitReportReporter -->
<testsuite hostname="LIN25004643" failures="0" tests="1" name="com.saucedemo.tests.TestCart" time="9.495" errors="0" timestamp="2025-08-05T19:27:20 IST" skipped="0">
  <testcase classname="com.saucedemo.tests.TestCart" name="addToCartTest" time="9.495"/>
  <system-out/>
</testsuite> <!-- com.saucedemo.tests.TestCart -->
