<?xml version="1.0" encoding="UTF-8"?>
<!-- Generated by org.testng.reporters.JUnitReportReporter -->
<testsuite hostname="LIN25004643" failures="0" tests="1" name="com.saucedemo.tests.TestLogin" time="7.759" errors="0" timestamp="2025-06-18T18:29:43 IST" skipped="0">
  <testcase classname="com.saucedemo.tests.TestLogin" name="loginTest" time="7.759"/>
  <system-out/>
</testsuite> <!-- com.saucedemo.tests.TestLogin -->
